# JRE version: OpenJDK Runtime Environment Corretto-17.0.6.10.1 (17.0.6+10) (build 17.0.6+10-LTS)
# Java VM: OpenJDK 64-Bit Server VM Corretto-17.0.6.10.1 (17.0.6+10-LTS, mixed mode, sharing, tiered, compressed oops, compressed class ptrs, g1 gc, windows-amd64)
GC Precious Log:
 CPUs: 4 total, 4 available
 Memory: 8069M
 Large Page Support: Disabled
 NUMA Support: Disabled
 Compressed Oops: Enabled (32-bit)
 Heap Region Size: 1M
 Heap Min Capacity: 8M
 Heap Initial Capacity: 128M
 Heap Max Capacity: 2G
 Pre-touch: Disabled
 Parallel Workers: 4
 Concurrent Workers: 1
 Concurrent Refinement Workers: 4
 Periodic GC: Disabled
Heap:
 garbage-first heap   total 175104K, used 125236K [0x0000000080000000, 0x0000000100000000)
  region size 1024K, 21 young (21504K), 8 survivors (8192K)
 Metaspace       used 76746K, committed 77376K, reserved 1122304K
  class space    used 10555K, committed 10880K, reserved 1048576K
GC Heap History (20 events):
Event: 24.664 GC heap before
{Heap before GC invocations=23 (full 0):
 garbage-first heap   total 99328K, used 71220K [0x0000000080000000, 0x0000000100000000)
  region size 1024K, 27 young (27648K), 3 survivors (3072K)
 Metaspace       used 52760K, committed 53312K, reserved 1097728K
  class space    used 7144K, committed 7424K, reserved 1048576K
}
Event: 24.671 GC heap after
{Heap after GC invocations=24 (full 0):
 garbage-first heap   total 99328K, used 50045K [0x0000000080000000, 0x0000000100000000)
  region size 1024K, 3 young (3072K), 3 survivors (3072K)
 Metaspace       used 52760K, committed 53312K, reserved 1097728K
  class space    used 7144K, committed 7424K, reserved 1048576K
}
Event: 24.902 GC heap before
{Heap before GC invocations=25 (full 0):
 garbage-first heap   total 99328K, used 55165K [0x0000000080000000, 0x0000000100000000)
  region size 1024K, 9 young (9216K), 3 survivors (3072K)
 Metaspace       used 53314K, committed 53888K, reserved 1097728K
  class space    used 7191K, committed 7488K, reserved 1048576K
}
Event: 24.907 GC heap after
{Heap after GC invocations=26 (full 0):
 garbage-first heap   total 99328K, used 50953K [0x0000000080000000, 0x0000000100000000)
  region size 1024K, 1 young (1024K), 1 survivors (1024K)
 Metaspace       used 53314K, committed 53888K, reserved 1097728K
  class space    used 7191K, committed 7488K, reserved 1048576K
}
Event: 25.360 GC heap before
{Heap before GC invocations=27 (full 0):
 garbage-first heap   total 99328K, used 77577K [0x0000000080000000, 0x0000000100000000)
  region size 1024K, 26 young (26624K), 1 survivors (1024K)
 Metaspace       used 54195K, committed 54656K, reserved 1097728K
  class space    used 7327K, committed 7552K, reserved 1048576K
}
Event: 25.364 GC heap after
{Heap after GC invocations=28 (full 0):
 garbage-first heap   total 99328K, used 52131K [0x0000000080000000, 0x0000000100000000)
  region size 1024K, 3 young (3072K), 3 survivors (3072K)
 Metaspace       used 54195K, committed 54656K, reserved 1097728K
  class space    used 7327K, committed 7552K, reserved 1048576K
}
Event: 25.775 GC heap before
{Heap before GC invocations=28 (full 0):
 garbage-first heap   total 99328K, used 77731K [0x0000000080000000, 0x0000000100000000)
  region size 1024K, 28 young (28672K), 3 survivors (3072K)
 Metaspace       used 55360K, committed 55936K, reserved 1097728K
  class space    used 7478K, committed 7744K, reserved 1048576K
}
Event: 25.793 GC heap after
{Heap after GC invocations=29 (full 0):
 garbage-first heap   total 99328K, used 54366K [0x0000000080000000, 0x0000000100000000)
  region size 1024K, 4 young (4096K), 4 survivors (4096K)
 Metaspace       used 55360K, committed 55936K, reserved 1097728K
  class space    used 7478K, committed 7744K, reserved 1048576K
}
Event: 26.547 GC heap before
{Heap before GC invocations=30 (full 0):
 garbage-first heap   total 102400K, used 78942K [0x0000000080000000, 0x0000000100000000)
  region size 1024K, 28 young (28672K), 4 survivors (4096K)
 Metaspace       used 58379K, committed 58944K, reserved 1105920K
  class space    used 8061K, committed 8320K, reserved 1048576K
}
Event: 26.553 GC heap after
{Heap after GC invocations=31 (full 0):
 garbage-first heap   total 102400K, used 55862K [0x0000000080000000, 0x0000000100000000)
  region size 1024K, 2 young (2048K), 2 survivors (2048K)
 Metaspace       used 58379K, committed 58944K, reserved 1105920K
  class space    used 8061K, committed 8320K, reserved 1048576K
}
Event: 26.638 GC heap before
{Heap before GC invocations=31 (full 0):
 garbage-first heap   total 102400K, used 58934K [0x0000000080000000, 0x0000000100000000)
  region size 1024K, 5 young (5120K), 2 survivors (2048K)
 Metaspace       used 58810K, committed 59392K, reserved 1105920K
  class space    used 8135K, committed 8384K, reserved 1048576K
}
Event: 26.643 GC heap after
{Heap after GC invocations=32 (full 0):
 garbage-first heap   total 175104K, used 56152K [0x0000000080000000, 0x0000000100000000)
  region size 1024K, 1 young (1024K), 1 survivors (1024K)
 Metaspace       used 58810K, committed 59392K, reserved 1105920K
  class space    used 8135K, committed 8384K, reserved 1048576K
}
Event: 28.819 GC heap before
{Heap before GC invocations=32 (full 0):
 garbage-first heap   total 175104K, used 127832K [0x0000000080000000, 0x0000000100000000)
  region size 1024K, 71 young (72704K), 1 survivors (1024K)
 Metaspace       used 66769K, committed 67392K, reserved 1114112K
  class space    used 9299K, committed 9600K, reserved 1048576K
}
Event: 28.831 GC heap after
{Heap after GC invocations=33 (full 0):
 garbage-first heap   total 175104K, used 60687K [0x0000000080000000, 0x0000000100000000)
  region size 1024K, 5 young (5120K), 5 survivors (5120K)
 Metaspace       used 66769K, committed 67392K, reserved 1114112K
  class space    used 9299K, committed 9600K, reserved 1048576K
}
Event: 30.471 GC heap before
{Heap before GC invocations=33 (full 0):
 garbage-first heap   total 175104K, used 132367K [0x0000000080000000, 0x0000000100000000)
  region size 1024K, 75 young (76800K), 5 survivors (5120K)
 Metaspace       used 68755K, committed 69376K, reserved 1114112K
  class space    used 9552K, committed 9856K, reserved 1048576K
}
Event: 30.488 GC heap after
{Heap after GC invocations=34 (full 0):
 garbage-first heap   total 175104K, used 70650K [0x0000000080000000, 0x0000000100000000)
  region size 1024K, 10 young (10240K), 10 survivors (10240K)
 Metaspace       used 68755K, committed 69376K, reserved 1114112K
  class space    used 9552K, committed 9856K, reserved 1048576K
}
Event: 34.473 GC heap before
{Heap before GC invocations=34 (full 0):
 garbage-first heap   total 175104K, used 132090K [0x0000000080000000, 0x0000000100000000)
  region size 1024K, 71 young (72704K), 10 survivors (10240K)
 Metaspace       used 71152K, committed 71808K, reserved 1114112K
  class space    used 9943K, committed 10304K, reserved 1048576K
}
Event: 34.491 GC heap after
{Heap after GC invocations=35 (full 0):
 garbage-first heap   total 175104K, used 76441K [0x0000000080000000, 0x0000000100000000)
  region size 1024K, 6 young (6144K), 6 survivors (6144K)
 Metaspace       used 71152K, committed 71808K, reserved 1114112K
  class space    used 9943K, committed 10304K, reserved 1048576K
}
Event: 37.214 GC heap before
{Heap before GC invocations=35 (full 0):
 garbage-first heap   total 175104K, used 137881K [0x0000000080000000, 0x0000000100000000)
  region size 1024K, 63 young (64512K), 6 survivors (6144K)
 Metaspace       used 74920K, committed 75584K, reserved 1114112K
  class space    used 10365K, committed 10688K, reserved 1048576K
}
Event: 37.240 GC heap after
{Heap after GC invocations=36 (full 0):
 garbage-first heap   total 175104K, used 99636K [0x0000000080000000, 0x0000000100000000)
  region size 1024K, 8 young (8192K), 8 survivors (8192K)
 Metaspace       used 74920K, committed 75584K, reserved 1114112K
  class space    used 10365K, committed 10688K, reserved 1048576K
}

